{"C:\\Users\\Thiago\\Desktop\\FullStack\\Tabuada\\controllers\\index.test.js":{"path":"C:\\Users\\Thiago\\Desktop\\FullStack\\Tabuada\\controllers\\index.test.js","s":{"1":1,"2":1,"3":1,"4":1,"5":1,"6":1,"7":1,"8":1},"b":{},"f":{"1":0},"fnMap":{"1":{"name":"(anonymous_1)","line":7,"loc":{"start":{"line":7,"column":20},"end":{"line":7,"column":30}}}},"statementMap":{"1":{"start":{"line":1,"column":0},"end":{"line":1,"column":42}},"2":{"start":{"line":2,"column":0},"end":{"line":2,"column":30}},"3":{"start":{"line":4,"column":0},"end":{"line":13,"column":2}},"4":{"start":{"line":5,"column":4},"end":{"line":12,"column":6}},"5":{"start":{"line":6,"column":8},"end":{"line":8,"column":9}},"6":{"start":{"line":9,"column":8},"end":{"line":9,"column":34}},"7":{"start":{"line":10,"column":8},"end":{"line":10,"column":54}},"8":{"start":{"line":11,"column":8},"end":{"line":11,"column":37}}},"branchMap":{}},"C:\\Users\\Thiago\\Desktop\\FullStack\\Tabuada\\controllers\\index.js":{"path":"C:\\Users\\Thiago\\Desktop\\FullStack\\Tabuada\\controllers\\index.js","s":{"1":1,"2":1,"3":1},"b":{},"f":{},"fnMap":{},"statementMap":{"1":{"start":{"line":1,"column":0},"end":{"line":3,"column":1}},"2":{"start":{"line":2,"column":4},"end":{"line":2,"column":22}},"3":{"start":{"line":5,"column":0},"end":{"line":7,"column":1}}},"branchMap":{}},"C:\\Users\\Thiago\\Desktop\\FullStack\\Tabuada\\controllers\\tabuada.test.js":{"path":"C:\\Users\\Thiago\\Desktop\\FullStack\\Tabuada\\controllers\\tabuada.test.js","s":{"1":1,"2":1,"3":1,"4":1,"5":1,"6":1,"7":100,"8":1,"9":1,"10":1,"11":1,"12":1,"13":1,"14":1,"15":1,"16":101,"17":1,"18":1,"19":1,"20":1},"b":{},"f":{"1":0,"2":0},"fnMap":{"1":{"name":"(anonymous_1)","line":11,"loc":{"start":{"line":11,"column":20},"end":{"line":11,"column":30}}},"2":{"name":"(anonymous_2)","line":31,"loc":{"start":{"line":31,"column":20},"end":{"line":31,"column":30}}}},"statementMap":{"1":{"start":{"line":1,"column":0},"end":{"line":1,"column":46}},"2":{"start":{"line":2,"column":0},"end":{"line":2,"column":30}},"3":{"start":{"line":4,"column":0},"end":{"line":41,"column":2}},"4":{"start":{"line":5,"column":4},"end":{"line":17,"column":6}},"5":{"start":{"line":6,"column":8},"end":{"line":6,"column":26}},"6":{"start":{"line":7,"column":8},"end":{"line":9,"column":9}},"7":{"start":{"line":8,"column":12},"end":{"line":8,"column":27}},"8":{"start":{"line":10,"column":8},"end":{"line":12,"column":9}},"9":{"start":{"line":14,"column":8},"end":{"line":14,"column":34}},"10":{"start":{"line":15,"column":8},"end":{"line":15,"column":75}},"11":{"start":{"line":16,"column":8},"end":{"line":16,"column":39}},"12":{"start":{"line":19,"column":4},"end":{"line":40,"column":6}},"13":{"start":{"line":20,"column":8},"end":{"line":20,"column":27}},"14":{"start":{"line":21,"column":8},"end":{"line":21,"column":22}},"15":{"start":{"line":23,"column":8},"end":{"line":29,"column":9}},"16":{"start":{"line":24,"column":12},"end":{"line":28,"column":14}},"17":{"start":{"line":30,"column":8},"end":{"line":32,"column":9}},"18":{"start":{"line":34,"column":8},"end":{"line":34,"column":34}},"19":{"start":{"line":35,"column":8},"end":{"line":38,"column":10}},"20":{"start":{"line":39,"column":8},"end":{"line":39,"column":59}}},"branchMap":{}},"C:\\Users\\Thiago\\Desktop\\FullStack\\Tabuada\\controllers\\tabuada.js":{"path":"C:\\Users\\Thiago\\Desktop\\FullStack\\Tabuada\\controllers\\tabuada.js","s":{"1":1,"2":1,"3":1,"4":100,"5":1,"6":1,"7":1,"8":1,"9":1,"10":101,"11":1,"12":1},"b":{},"f":{},"fnMap":{},"statementMap":{"1":{"start":{"line":1,"column":0},"end":{"line":7,"column":1}},"2":{"start":{"line":2,"column":4},"end":{"line":2,"column":22}},"3":{"start":{"line":3,"column":4},"end":{"line":5,"column":5}},"4":{"start":{"line":4,"column":8},"end":{"line":4,"column":23}},"5":{"start":{"line":6,"column":4},"end":{"line":6,"column":43}},"6":{"start":{"line":9,"column":0},"end":{"line":24,"column":1}},"7":{"start":{"line":10,"column":4},"end":{"line":10,"column":23}},"8":{"start":{"line":11,"column":4},"end":{"line":11,"column":30}},"9":{"start":{"line":13,"column":4},"end":{"line":19,"column":5}},"10":{"start":{"line":14,"column":8},"end":{"line":18,"column":10}},"11":{"start":{"line":20,"column":4},"end":{"line":23,"column":6}},"12":{"start":{"line":26,"column":0},"end":{"line":29,"column":1}}},"branchMap":{}}}