TN:
SF:C:\Users\Thiago\Desktop\FullStack\Tabuada\controllers\index.test.js
FN:7,(anonymous_1)
FNF:1
FNH:0
FNDA:0,(anonymous_1)
DA:1,1
DA:2,1
DA:4,1
DA:5,1
DA:6,1
DA:9,1
DA:10,1
DA:11,1
LF:8
LH:8
BRF:0
BRH:0
end_of_record
TN:
SF:C:\Users\Thiago\Desktop\FullStack\Tabuada\controllers\index.js
FNF:0
FNH:0
DA:1,1
DA:2,1
DA:5,1
LF:3
LH:3
BRF:0
BRH:0
end_of_record
TN:
SF:C:\Users\Thiago\Desktop\FullStack\Tabuada\controllers\tabuada.test.js
FN:11,(anonymous_1)
FN:31,(anonymous_2)
FNF:2
FNH:0
FNDA:0,(anonymous_1)
FNDA:0,(anonymous_2)
DA:1,1
DA:2,1
DA:4,1
DA:5,1
DA:6,1
DA:7,1
DA:8,100
DA:10,1
DA:14,1
DA:15,1
DA:16,1
DA:19,1
DA:20,1
DA:21,1
DA:23,1
DA:24,101
DA:30,1
DA:34,1
DA:35,1
DA:39,1
LF:20
LH:20
BRF:0
BRH:0
end_of_record
TN:
SF:C:\Users\Thiago\Desktop\FullStack\Tabuada\controllers\tabuada.js
FNF:0
FNH:0
DA:1,1
DA:2,1
DA:3,1
DA:4,100
DA:6,1
DA:9,1
DA:10,1
DA:11,1
DA:13,1
DA:14,101
DA:20,1
DA:26,1
LF:12
LH:12
BRF:0
BRH:0
end_of_record
